sample/build/intermediates/manifest_merge_blame_file/debug/manifest-merger-blame-debug-report.txt
1<?xml version="1.0" encoding="utf-8"?>
2<manifest xmlns:android="http://schemas.android.com/apk/res/android"
3    package="com.daasuu.camerarecorder_androidtesttest"
4    android:versionCode="1"
5    android:versionName="1.0" >
6
7    <uses-sdk
8        android:minSdkVersion="24"
8-->src\main\AndroidManifest.xml
9        android:targetSdkVersion="29" />
9-->src\main\AndroidManifest.xml
10
11    <uses-feature android:name="android.hardware.camera" />
11-->[:camerarecorder] AndroidManifest.xml:11:5-60
11-->[:camerarecorder] AndroidManifest.xml:11:19-57
12    <uses-feature android:name="android.hardware.camera.autofocus" />
12-->[:camerarecorder] AndroidManifest.xml:12:5-70
12-->[:camerarecorder] AndroidManifest.xml:12:19-67
13
14    <uses-permission android:name="android.permission.CAMERA" />
14-->[:camerarecorder] AndroidManifest.xml:14:5-65
14-->[:camerarecorder] AndroidManifest.xml:14:22-62
15    <uses-permission android:name="android.permission.WRITE_EXTERNAL_STORAGE" />
15-->[:camerarecorder] AndroidManifest.xml:15:5-81
15-->[:camerarecorder] AndroidManifest.xml:15:22-78
16    <uses-permission android:name="android.permission.RECORD_AUDIO" />
16-->[:camerarecorder] AndroidManifest.xml:16:5-71
16-->[:camerarecorder] AndroidManifest.xml:16:22-68
17
18    <application
18-->src\main\AndroidManifest.xml:4:5-19:19
19        android:allowBackup="true"
19-->src\main\AndroidManifest.xml:5:9-35
20        android:appComponentFactory="androidx.core.app.CoreComponentFactory"
20-->[androidx.core:core:1.5.0] AndroidManifest.xml:24:18-86
21        android:debuggable="true"
22        android:extractNativeLibs="false"
23        android:icon="@mipmap/ic_launcher"
23-->src\main\AndroidManifest.xml:6:9-43
24        android:label="@string/app_name"
24-->src\main\AndroidManifest.xml:7:9-41
25        android:roundIcon="@mipmap/ic_launcher_round"
25-->src\main\AndroidManifest.xml:8:9-54
26        android:supportsRtl="true"
26-->src\main\AndroidManifest.xml:9:9-35
27        android:theme="@style/AppTheme" >
27-->src\main\AndroidManifest.xml:10:9-40
28        <activity
28-->src\main\AndroidManifest.xml:11:9-18:20
29            android:name="com.daasuu.sample.MainActivity"
29-->src\main\AndroidManifest.xml:12:13-58
30            android:screenOrientation="portrait" >
30-->src\main\AndroidManifest.xml:13:13-49
31            <intent-filter>
31-->src\main\AndroidManifest.xml:14:13-17:29
32                <action android:name="android.intent.action.MAIN" />
32-->src\main\AndroidManifest.xml:15:17-69
32-->src\main\AndroidManifest.xml:15:25-66
33
34                <category android:name="android.intent.category.LAUNCHER" />
34-->src\main\AndroidManifest.xml:16:17-77
34-->src\main\AndroidManifest.xml:16:27-74
35            </intent-filter>
36        </activity>
37        <activity
37-->[:camerarecorder] AndroidManifest.xml:23:9-26:20
38            android:name="com.daasuu.camerarecorder.VideoProcessActivity"
38-->[:camerarecorder] AndroidManifest.xml:24:13-74
39            android:screenOrientation="portrait" >
39-->[:camerarecorder] AndroidManifest.xml:25:13-49
40        </activity>
41        <activity
41-->[:camerarecorder] AndroidManifest.xml:27:9-29:52
42            android:name="com.daasuu.camerarecorder.PortrateActivity"
42-->[:camerarecorder] AndroidManifest.xml:28:13-70
43            android:screenOrientation="portrait" />
43-->[:camerarecorder] AndroidManifest.xml:29:13-49
44        <activity android:name="com.daasuu.camerarecorder.SquareActivity" />
44-->[:camerarecorder] AndroidManifest.xml:30:9-77
44-->[:camerarecorder] AndroidManifest.xml:30:19-74
45        <activity
45-->[:camerarecorder] AndroidManifest.xml:31:9-33:52
46            android:name="com.daasuu.camerarecorder.LandscapeActivity"
46-->[:camerarecorder] AndroidManifest.xml:32:13-71
47            android:screenOrientation="portrait" />
47-->[:camerarecorder] AndroidManifest.xml:33:13-49
48        <activity
48-->[:camerarecorder] AndroidManifest.xml:34:9-36:52
49            android:name="com.daasuu.camerarecorder.CameraMainActivity"
49-->[:camerarecorder] AndroidManifest.xml:35:13-72
50            android:screenOrientation="portrait" />
50-->[:camerarecorder] AndroidManifest.xml:36:13-49
51        <activity
51-->[:camerarecorder] AndroidManifest.xml:37:9-39:52
52            android:name="com.daasuu.camerarecorder.FastAndSlowVideoMotionActivity"
52-->[:camerarecorder] AndroidManifest.xml:38:13-84
53            android:screenOrientation="portrait" />
53-->[:camerarecorder] AndroidManifest.xml:39:13-49
54        <activity
54-->[:camerarecorder] AndroidManifest.xml:40:9-42:52
55            android:name="com.daasuu.camerarecorder.CombineImagesActivity"
55-->[:camerarecorder] AndroidManifest.xml:41:13-75
56            android:screenOrientation="portrait" />
56-->[:camerarecorder] AndroidManifest.xml:42:13-49
57        <activity
57-->[:camerarecorder] AndroidManifest.xml:43:9-45:52
58            android:name="com.daasuu.camerarecorder.ExtractAudioActivity"
58-->[:camerarecorder] AndroidManifest.xml:44:13-74
59            android:screenOrientation="portrait" />
59-->[:camerarecorder] AndroidManifest.xml:45:13-49
60        <activity
60-->[:camerarecorder] AndroidManifest.xml:46:9-48:52
61            android:name="com.daasuu.camerarecorder.AddTextOnVideoActivity"
61-->[:camerarecorder] AndroidManifest.xml:47:13-76
62            android:screenOrientation="portrait" />
62-->[:camerarecorder] AndroidManifest.xml:48:13-49
63        <activity
63-->[:camerarecorder] AndroidManifest.xml:49:9-51:52
64            android:name="com.daasuu.camerarecorder.ReverseVideoActivity"
64-->[:camerarecorder] AndroidManifest.xml:50:13-74
65            android:screenOrientation="portrait" />
65-->[:camerarecorder] AndroidManifest.xml:51:13-49
66        <activity
66-->[:camerarecorder] AndroidManifest.xml:52:9-54:52
67            android:name="com.daasuu.camerarecorder.MergeImageAndMP3Activity"
67-->[:camerarecorder] AndroidManifest.xml:53:13-78
68            android:screenOrientation="portrait" />
68-->[:camerarecorder] AndroidManifest.xml:54:13-49
69        <activity
69-->[:camerarecorder] AndroidManifest.xml:55:9-57:52
70            android:name="com.daasuu.camerarecorder.AddWaterMarkOnVideoActivity"
70-->[:camerarecorder] AndroidManifest.xml:56:13-81
71            android:screenOrientation="portrait" />
71-->[:camerarecorder] AndroidManifest.xml:57:13-49
72        <activity
72-->[:camerarecorder] AndroidManifest.xml:58:9-60:52
73            android:name="com.daasuu.camerarecorder.CombineVideosActivity"
73-->[:camerarecorder] AndroidManifest.xml:59:13-75
74            android:screenOrientation="portrait" />
74-->[:camerarecorder] AndroidManifest.xml:60:13-49
75        <activity
75-->[:camerarecorder] AndroidManifest.xml:61:9-63:52
76            android:name="com.daasuu.camerarecorder.CombineImageAndVideoActivity"
76-->[:camerarecorder] AndroidManifest.xml:62:13-82
77            android:screenOrientation="portrait" />
77-->[:camerarecorder] AndroidManifest.xml:63:13-49
78        <activity
78-->[:camerarecorder] AndroidManifest.xml:64:9-66:52
79            android:name="com.daasuu.camerarecorder.MergeAudioVideoActivity"
79-->[:camerarecorder] AndroidManifest.xml:65:13-77
80            android:screenOrientation="portrait" />
80-->[:camerarecorder] AndroidManifest.xml:66:13-49
81        <activity
81-->[:camerarecorder] AndroidManifest.xml:67:9-69:52
82            android:name="com.daasuu.camerarecorder.RemoveAudioFromVideoActivity"
82-->[:camerarecorder] AndroidManifest.xml:68:13-82
83            android:screenOrientation="portrait" />
83-->[:camerarecorder] AndroidManifest.xml:69:13-49
84        <activity
84-->[:camerarecorder] AndroidManifest.xml:70:9-72:52
85            android:name="com.daasuu.camerarecorder.ImageToVideoConvertActivity"
85-->[:camerarecorder] AndroidManifest.xml:71:13-81
86            android:screenOrientation="portrait" />
86-->[:camerarecorder] AndroidManifest.xml:72:13-49
87        <activity
87-->[:camerarecorder] AndroidManifest.xml:73:9-75:52
88            android:name="com.daasuu.camerarecorder.VideoRotateFlipActivity"
88-->[:camerarecorder] AndroidManifest.xml:74:13-77
89            android:screenOrientation="portrait" />
89-->[:camerarecorder] AndroidManifest.xml:75:13-49
90
91        <provider
91-->[com.github.jaiselrahman:FilePicker:1.3.2] AndroidManifest.xml:14:9-22:20
92            android:name="com.jaiselrahman.filepicker.utils.FilePickerProvider"
92-->[com.github.jaiselrahman:FilePicker:1.3.2] AndroidManifest.xml:15:13-80
93            android:authorities="com.daasuu.camerarecorder_androidtesttest.filepicker.provider"
93-->[com.github.jaiselrahman:FilePicker:1.3.2] AndroidManifest.xml:16:13-71
94            android:exported="false"
94-->[com.github.jaiselrahman:FilePicker:1.3.2] AndroidManifest.xml:17:13-37
95            android:grantUriPermissions="true" >
95-->[com.github.jaiselrahman:FilePicker:1.3.2] AndroidManifest.xml:18:13-47
96            <meta-data
96-->[com.github.jaiselrahman:FilePicker:1.3.2] AndroidManifest.xml:19:13-21:86
97                android:name="android.support.FILE_PROVIDER_PATHS"
97-->[com.github.jaiselrahman:FilePicker:1.3.2] AndroidManifest.xml:20:17-67
98                android:resource="@xml/com_jaiselrahman_filepicker_provider_paths" />
98-->[com.github.jaiselrahman:FilePicker:1.3.2] AndroidManifest.xml:21:17-83
99        </provider>
100
101        <activity
101-->[com.github.jaiselrahman:FilePicker:1.3.2] AndroidManifest.xml:24:9-26:59
102            android:name="com.jaiselrahman.filepicker.activity.FilePickerActivity"
102-->[com.github.jaiselrahman:FilePicker:1.3.2] AndroidManifest.xml:25:13-83
103            android:theme="@style/AppTheme.NoActionBar" />
103-->[com.github.jaiselrahman:FilePicker:1.3.2] AndroidManifest.xml:26:13-56
104        <activity
104-->[pub.devrel:easypermissions:3.0.0] AndroidManifest.xml:12:9-16:66
105            android:name="pub.devrel.easypermissions.AppSettingsDialogHolderActivity"
105-->[pub.devrel:easypermissions:3.0.0] AndroidManifest.xml:13:13-86
106            android:exported="false"
106-->[pub.devrel:easypermissions:3.0.0] AndroidManifest.xml:14:13-37
107            android:label=""
107-->[pub.devrel:easypermissions:3.0.0] AndroidManifest.xml:15:13-29
108            android:theme="@style/EasyPermissions.Transparent" />
108-->[pub.devrel:easypermissions:3.0.0] AndroidManifest.xml:16:13-63
109    </application>
110
111</manifest>